<?xml version="1.0" encoding="UTF-8"?>
<!-- Generated by org.testng.reporters.JUnitReportReporter -->
<testsuite skipped="0" hostname="DESKTOP-7KP2STH" name="org.zia.selenium.ddt.BankLoginExcel" tests="3" failures="0" timestamp="24 Nov 2018 17:44:35 GMT" time="70.156" errors="0">
  <testcase name="loginToBank" time="20.488" classname="org.zia.selenium.ddt.BankLoginExcel"/>
  <testcase name="loginToBank" time="14.197" classname="org.zia.selenium.ddt.BankLoginExcel"/>
  <testcase name="loginToBank" time="35.471" classname="org.zia.selenium.ddt.BankLoginExcel"/>
</testsuite> <!-- org.zia.selenium.ddt.BankLoginExcel -->
