<?xml version="1.0" encoding="UTF-8"?>
<!-- Generated by org.testng.reporters.JUnitReportReporter -->
<testsuite hostname="khanmu02-PC" name="org.zia.selenium.ddt.BankLoginExcel" tests="3" failures="0" timestamp="15 Dec 2018 16:00:07 GMT" time="61.014" errors="0">
  <testcase name="loginToBank" time="23.520" classname="org.zia.selenium.ddt.BankLoginExcel"/>
  <testcase name="loginToBank" time="18.850" classname="org.zia.selenium.ddt.BankLoginExcel"/>
  <testcase name="loginToBank" time="18.644" classname="org.zia.selenium.ddt.BankLoginExcel"/>
</testsuite> <!-- org.zia.selenium.ddt.BankLoginExcel -->
